{"/Users/noureddineihellioun/CascadeProjects/ecole-nid-douillet/backend/src/models/Child.js": {"path":"/Users/noureddineihellioun/CascadeProjects/ecole-nid-douillet/backend/src/models/Child.js","statementMap":{"0":{"start":{"line":7,"column":13},"end":{"line":7,"column":42}},"1":{"start":{"line":8,"column":77},"end":{"line":8,"column":111}},"2":{"start":{"line":9,"column":35},"end":{"line":9,"column":67}},"3":{"start":{"line":10,"column":38},"end":{"line":10,"column":57}},"4":{"start":{"line":11,"column":15},"end":{"line":11,"column":41}},"5":{"start":{"line":20,"column":17},"end":{"line":20,"column":37}},"6":{"start":{"line":22,"column":2},"end":{"line":116,"column":3}},"7":{"start":{"line":23,"column":4},"end":{"line":23,"column":32}},"8":{"start":{"line":26,"column":27},"end":{"line":26,"column":93}},"9":{"start":{"line":27,"column":4},"end":{"line":31,"column":5}},"10":{"start":{"line":28,"column":6},"end":{"line":30,"column":7}},"11":{"start":{"line":29,"column":8},"end":{"line":29,"column":61}},"12":{"start":{"line":34,"column":22},"end":{"line":34,"column":51}},"13":{"start":{"line":35,"column":4},"end":{"line":37,"column":5}},"14":{"start":{"line":36,"column":6},"end":{"line":36,"column":52}},"15":{"start":{"line":40,"column":30},"end":{"line":40,"column":74}},"16":{"start":{"line":41,"column":31},"end":{"line":41,"column":96}},"17":{"start":{"line":43,"column":4},"end":{"line":45,"column":5}},"18":{"start":{"line":44,"column":6},"end":{"line":44,"column":54}},"19":{"start":{"line":47,"column":25},"end":{"line":47,"column":51}},"20":{"start":{"line":50,"column":20},"end":{"line":50,"column":78}},"21":{"start":{"line":51,"column":22},"end":{"line":51,"column":87}},"22":{"start":{"line":52,"column":24},"end":{"line":52,"column":83}},"23":{"start":{"line":54,"column":4},"end":{"line":56,"column":5}},"24":{"start":{"line":55,"column":6},"end":{"line":55,"column":80}},"25":{"start":{"line":59,"column":28},"end":{"line":59,"column":73}},"26":{"start":{"line":60,"column":29},"end":{"line":60,"column":87}},"27":{"start":{"line":62,"column":4},"end":{"line":64,"column":5}},"28":{"start":{"line":63,"column":6},"end":{"line":63,"column":76}},"29":{"start":{"line":66,"column":25},"end":{"line":66,"column":52}},"30":{"start":{"line":69,"column":24},"end":{"line":76,"column":5}},"31":{"start":{"line":78,"column":19},"end":{"line":92,"column":5}},"32":{"start":{"line":94,"column":19},"end":{"line":94,"column":58}},"33":{"start":{"line":95,"column":18},"end":{"line":95,"column":32}},"34":{"start":{"line":97,"column":4},"end":{"line":97,"column":33}},"35":{"start":{"line":100,"column":4},"end":{"line":110,"column":6}},"36":{"start":{"line":112,"column":4},"end":{"line":112,"column":35}},"37":{"start":{"line":113,"column":4},"end":{"line":113,"column":80}},"38":{"start":{"line":115,"column":4},"end":{"line":115,"column":21}},"39":{"start":{"line":125,"column":2},"end":{"line":163,"column":3}},"40":{"start":{"line":126,"column":18},"end":{"line":138,"column":5}},"41":{"start":{"line":140,"column":19},"end":{"line":140,"column":53}},"42":{"start":{"line":142,"column":4},"end":{"line":144,"column":5}},"43":{"start":{"line":143,"column":6},"end":{"line":143,"column":43}},"44":{"start":{"line":146,"column":18},"end":{"line":146,"column":32}},"45":{"start":{"line":149,"column":23},"end":{"line":149,"column":53}},"46":{"start":{"line":150,"column":29},"end":{"line":150,"column":66}},"47":{"start":{"line":152,"column":4},"end":{"line":160,"column":6}},"48":{"start":{"line":162,"column":4},"end":{"line":162,"column":84}},"49":{"start":{"line":172,"column":2},"end":{"line":262,"column":3}},"50":{"start":{"line":182,"column":8},"end":{"line":182,"column":15}},"51":{"start":{"line":184,"column":22},"end":{"line":184,"column":33}},"52":{"start":{"line":185,"column":19},"end":{"line":185,"column":21}},"53":{"start":{"line":186,"column":21},"end":{"line":186,"column":22}},"54":{"start":{"line":189,"column":4},"end":{"line":193,"column":5}},"55":{"start":{"line":190,"column":6},"end":{"line":190,"column":64}},"56":{"start":{"line":191,"column":6},"end":{"line":191,"column":34}},"57":{"start":{"line":192,"column":6},"end":{"line":192,"column":19}},"58":{"start":{"line":195,"column":4},"end":{"line":199,"column":5}},"59":{"start":{"line":196,"column":6},"end":{"line":196,"column":62}},"60":{"start":{"line":197,"column":6},"end":{"line":197,"column":32}},"61":{"start":{"line":198,"column":6},"end":{"line":198,"column":19}},"62":{"start":{"line":201,"column":4},"end":{"line":205,"column":5}},"63":{"start":{"line":202,"column":6},"end":{"line":202,"column":54}},"64":{"start":{"line":203,"column":6},"end":{"line":203,"column":26}},"65":{"start":{"line":204,"column":6},"end":{"line":204,"column":19}},"66":{"start":{"line":207,"column":4},"end":{"line":211,"column":5}},"67":{"start":{"line":208,"column":6},"end":{"line":208,"column":100}},"68":{"start":{"line":209,"column":6},"end":{"line":209,"column":33}},"69":{"start":{"line":210,"column":6},"end":{"line":210,"column":19}},"70":{"start":{"line":214,"column":18},"end":{"line":226,"column":5}},"71":{"start":{"line":228,"column":4},"end":{"line":228,"column":31}},"72":{"start":{"line":230,"column":19},"end":{"line":230,"column":50}},"73":{"start":{"line":233,"column":23},"end":{"line":239,"column":5}},"74":{"start":{"line":241,"column":24},"end":{"line":241,"column":73}},"75":{"start":{"line":242,"column":23},"end":{"line":242,"column":58}},"76":{"start":{"line":245,"column":21},"end":{"line":248,"column":7}},"77":{"start":{"line":245,"column":47},"end":{"line":248,"column":5}},"78":{"start":{"line":250,"column":4},"end":{"line":259,"column":6}},"79":{"start":{"line":261,"column":4},"end":{"line":261,"column":84}},"80":{"start":{"line":273,"column":17},"end":{"line":273,"column":37}},"81":{"start":{"line":275,"column":2},"end":{"line":337,"column":3}},"82":{"start":{"line":276,"column":4},"end":{"line":276,"column":32}},"83":{"start":{"line":279,"column":25},"end":{"line":279,"column":52}},"84":{"start":{"line":280,"column":4},"end":{"line":282,"column":5}},"85":{"start":{"line":281,"column":6},"end":{"line":281,"column":43}},"86":{"start":{"line":284,"column":26},"end":{"line":287,"column":5}},"87":{"start":{"line":289,"column":22},"end":{"line":289,"column":24}},"88":{"start":{"line":290,"column":19},"end":{"line":290,"column":21}},"89":{"start":{"line":291,"column":21},"end":{"line":291,"column":22}},"90":{"start":{"line":293,"column":4},"end":{"line":299,"column":5}},"91":{"start":{"line":294,"column":6},"end":{"line":298,"column":7}},"92":{"start":{"line":295,"column":8},"end":{"line":295,"column":52}},"93":{"start":{"line":296,"column":8},"end":{"line":296,"column":27}},"94":{"start":{"line":297,"column":8},"end":{"line":297,"column":21}},"95":{"start":{"line":301,"column":4},"end":{"line":303,"column":5}},"96":{"start":{"line":302,"column":6},"end":{"line":302,"column":60}},"97":{"start":{"line":306,"column":4},"end":{"line":306,"column":41}},"98":{"start":{"line":307,"column":4},"end":{"line":307,"column":25}},"99":{"start":{"line":309,"column":18},"end":{"line":314,"column":5}},"100":{"start":{"line":316,"column":19},"end":{"line":316,"column":52}},"101":{"start":{"line":318,"column":4},"end":{"line":320,"column":5}},"102":{"start":{"line":319,"column":6},"end":{"line":319,"column":43}},"103":{"start":{"line":322,"column":4},"end":{"line":322,"column":33}},"104":{"start":{"line":325,"column":25},"end":{"line":325,"column":52}},"105":{"start":{"line":327,"column":4},"end":{"line":331,"column":6}},"106":{"start":{"line":333,"column":4},"end":{"line":333,"column":35}},"107":{"start":{"line":334,"column":4},"end":{"line":334,"column":83}},"108":{"start":{"line":336,"column":4},"end":{"line":336,"column":21}},"109":{"start":{"line":347,"column":17},"end":{"line":347,"column":37}},"110":{"start":{"line":349,"column":2},"end":{"line":381,"column":3}},"111":{"start":{"line":350,"column":4},"end":{"line":350,"column":32}},"112":{"start":{"line":353,"column":23},"end":{"line":353,"column":116}},"113":{"start":{"line":355,"column":4},"end":{"line":357,"column":5}},"114":{"start":{"line":356,"column":6},"end":{"line":356,"column":43}},"115":{"start":{"line":359,"column":18},"end":{"line":359,"column":36}},"116":{"start":{"line":362,"column":18},"end":{"line":366,"column":5}},"117":{"start":{"line":368,"column":4},"end":{"line":368,"column":41}},"118":{"start":{"line":370,"column":4},"end":{"line":370,"column":33}},"119":{"start":{"line":372,"column":4},"end":{"line":375,"column":6}},"120":{"start":{"line":377,"column":4},"end":{"line":377,"column":35}},"121":{"start":{"line":378,"column":4},"end":{"line":378,"column":83}},"122":{"start":{"line":380,"column":4},"end":{"line":380,"column":21}},"123":{"start":{"line":390,"column":2},"end":{"line":438,"column":3}},"124":{"start":{"line":391,"column":22},"end":{"line":391,"column":50}},"125":{"start":{"line":392,"column":19},"end":{"line":392,"column":21}},"126":{"start":{"line":394,"column":4},"end":{"line":397,"column":5}},"127":{"start":{"line":395,"column":6},"end":{"line":395,"column":52}},"128":{"start":{"line":396,"column":6},"end":{"line":396,"column":34}},"129":{"start":{"line":399,"column":18},"end":{"line":412,"column":5}},"130":{"start":{"line":414,"column":19},"end":{"line":414,"column":50}},"131":{"start":{"line":417,"column":26},"end":{"line":417,"column":98}},"132":{"start":{"line":417,"column":59},"end":{"line":417,"column":94}},"133":{"start":{"line":418,"column":22},"end":{"line":418,"column":83}},"134":{"start":{"line":418,"column":55},"end":{"line":418,"column":79}},"135":{"start":{"line":419,"column":23},"end":{"line":419,"column":85}},"136":{"start":{"line":419,"column":56},"end":{"line":419,"column":81}},"137":{"start":{"line":421,"column":4},"end":{"line":435,"column":6}},"138":{"start":{"line":427,"column":41},"end":{"line":433,"column":9}},"139":{"start":{"line":437,"column":4},"end":{"line":437,"column":89}},"140":{"start":{"line":447,"column":2},"end":{"line":475,"column":3}},"141":{"start":{"line":448,"column":18},"end":{"line":460,"column":5}},"142":{"start":{"line":462,"column":19},"end":{"line":462,"column":54}},"143":{"start":{"line":464,"column":21},"end":{"line":467,"column":7}},"144":{"start":{"line":464,"column":47},"end":{"line":467,"column":5}},"145":{"start":{"line":469,"column":4},"end":{"line":472,"column":6}},"146":{"start":{"line":474,"column":4},"end":{"line":474,"column":94}},"147":{"start":{"line":478,"column":0},"end":{"line":486,"column":2}}},"fnMap":{"0":{"name":"createChild","decl":{"start":{"line":19,"column":15},"end":{"line":19,"column":26}},"loc":{"start":{"line":19,"column":49},"end":{"line":117,"column":1}},"line":19},"1":{"name":"getChildById","decl":{"start":{"line":124,"column":15},"end":{"line":124,"column":27}},"loc":{"start":{"line":124,"column":37},"end":{"line":164,"column":1}},"line":124},"2":{"name":"getAllChildren","decl":{"start":{"line":171,"column":15},"end":{"line":171,"column":29}},"loc":{"start":{"line":171,"column":44},"end":{"line":263,"column":1}},"line":171},"3":{"name":"(anonymous_3)","decl":{"start":{"line":245,"column":37},"end":{"line":245,"column":38}},"loc":{"start":{"line":245,"column":47},"end":{"line":248,"column":5}},"line":245},"4":{"name":"updateChild","decl":{"start":{"line":272,"column":15},"end":{"line":272,"column":26}},"loc":{"start":{"line":272,"column":56},"end":{"line":338,"column":1}},"line":272},"5":{"name":"deleteChild","decl":{"start":{"line":346,"column":15},"end":{"line":346,"column":26}},"loc":{"start":{"line":346,"column":47},"end":{"line":382,"column":1}},"line":346},"6":{"name":"getChildrenStatistics","decl":{"start":{"line":389,"column":15},"end":{"line":389,"column":36}},"loc":{"start":{"line":389,"column":60},"end":{"line":439,"column":1}},"line":389},"7":{"name":"(anonymous_7)","decl":{"start":{"line":417,"column":45},"end":{"line":417,"column":46}},"loc":{"start":{"line":417,"column":59},"end":{"line":417,"column":94}},"line":417},"8":{"name":"(anonymous_8)","decl":{"start":{"line":418,"column":41},"end":{"line":418,"column":42}},"loc":{"start":{"line":418,"column":55},"end":{"line":418,"column":79}},"line":418},"9":{"name":"(anonymous_9)","decl":{"start":{"line":419,"column":42},"end":{"line":419,"column":43}},"loc":{"start":{"line":419,"column":56},"end":{"line":419,"column":81}},"line":419},"10":{"name":"(anonymous_10)","decl":{"start":{"line":427,"column":33},"end":{"line":427,"column":34}},"loc":{"start":{"line":427,"column":41},"end":{"line":433,"column":9}},"line":427},"11":{"name":"getChildrenByParent","decl":{"start":{"line":446,"column":15},"end":{"line":446,"column":34}},"loc":{"start":{"line":446,"column":45},"end":{"line":476,"column":1}},"line":446},"12":{"name":"(anonymous_12)","decl":{"start":{"line":464,"column":37},"end":{"line":464,"column":38}},"loc":{"start":{"line":464,"column":47},"end":{"line":467,"column":5}},"line":464}},"branchMap":{"0":{"loc":{"start":{"line":28,"column":6},"end":{"line":30,"column":7}},"type":"if","locations":[{"start":{"line":28,"column":6},"end":{"line":30,"column":7}},{"start":{},"end":{}}],"line":28},"1":{"loc":{"start":{"line":35,"column":4},"end":{"line":37,"column":5}},"type":"if","locations":[{"start":{"line":35,"column":4},"end":{"line":37,"column":5}},{"start":{},"end":{}}],"line":35},"2":{"loc":{"start":{"line":43,"column":4},"end":{"line":45,"column":5}},"type":"if","locations":[{"start":{"line":43,"column":4},"end":{"line":45,"column":5}},{"start":{},"end":{}}],"line":43},"3":{"loc":{"start":{"line":54,"column":4},"end":{"line":56,"column":5}},"type":"if","locations":[{"start":{"line":54,"column":4},"end":{"line":56,"column":5}},{"start":{},"end":{}}],"line":54},"4":{"loc":{"start":{"line":62,"column":4},"end":{"line":64,"column":5}},"type":"if","locations":[{"start":{"line":62,"column":4},"end":{"line":64,"column":5}},{"start":{},"end":{}}],"line":62},"5":{"loc":{"start":{"line":86,"column":6},"end":{"line":86,"column":89}},"type":"binary-expr","locations":[{"start":{"line":86,"column":6},"end":{"line":86,"column":30}},{"start":{"line":86,"column":34},"end":{"line":86,"column":89}}],"line":86},"6":{"loc":{"start":{"line":87,"column":6},"end":{"line":87,"column":35}},"type":"binary-expr","locations":[{"start":{"line":87,"column":6},"end":{"line":87,"column":27}},{"start":{"line":87,"column":31},"end":{"line":87,"column":35}}],"line":87},"7":{"loc":{"start":{"line":88,"column":6},"end":{"line":88,"column":33}},"type":"binary-expr","locations":[{"start":{"line":88,"column":6},"end":{"line":88,"column":25}},{"start":{"line":88,"column":29},"end":{"line":88,"column":33}}],"line":88},"8":{"loc":{"start":{"line":89,"column":6},"end":{"line":89,"column":40}},"type":"binary-expr","locations":[{"start":{"line":89,"column":6},"end":{"line":89,"column":32}},{"start":{"line":89,"column":36},"end":{"line":89,"column":40}}],"line":89},"9":{"loc":{"start":{"line":90,"column":6},"end":{"line":90,"column":29}},"type":"binary-expr","locations":[{"start":{"line":90,"column":6},"end":{"line":90,"column":21}},{"start":{"line":90,"column":25},"end":{"line":90,"column":29}}],"line":90},"10":{"loc":{"start":{"line":142,"column":4},"end":{"line":144,"column":5}},"type":"if","locations":[{"start":{"line":142,"column":4},"end":{"line":144,"column":5}},{"start":{},"end":{}}],"line":142},"11":{"loc":{"start":{"line":171,"column":30},"end":{"line":171,"column":42}},"type":"default-arg","locations":[{"start":{"line":171,"column":40},"end":{"line":171,"column":42}}],"line":171},"12":{"loc":{"start":{"line":174,"column":6},"end":{"line":174,"column":16}},"type":"default-arg","locations":[{"start":{"line":174,"column":14},"end":{"line":174,"column":16}}],"line":174},"13":{"loc":{"start":{"line":175,"column":6},"end":{"line":175,"column":16}},"type":"default-arg","locations":[{"start":{"line":175,"column":15},"end":{"line":175,"column":16}}],"line":175},"14":{"loc":{"start":{"line":180,"column":6},"end":{"line":180,"column":26}},"type":"default-arg","locations":[{"start":{"line":180,"column":15},"end":{"line":180,"column":26}}],"line":180},"15":{"loc":{"start":{"line":181,"column":6},"end":{"line":181,"column":23}},"type":"default-arg","locations":[{"start":{"line":181,"column":18},"end":{"line":181,"column":23}}],"line":181},"16":{"loc":{"start":{"line":189,"column":4},"end":{"line":193,"column":5}},"type":"if","locations":[{"start":{"line":189,"column":4},"end":{"line":193,"column":5}},{"start":{},"end":{}}],"line":189},"17":{"loc":{"start":{"line":195,"column":4},"end":{"line":199,"column":5}},"type":"if","locations":[{"start":{"line":195,"column":4},"end":{"line":199,"column":5}},{"start":{},"end":{}}],"line":195},"18":{"loc":{"start":{"line":201,"column":4},"end":{"line":205,"column":5}},"type":"if","locations":[{"start":{"line":201,"column":4},"end":{"line":205,"column":5}},{"start":{},"end":{}}],"line":201},"19":{"loc":{"start":{"line":207,"column":4},"end":{"line":211,"column":5}},"type":"if","locations":[{"start":{"line":207,"column":4},"end":{"line":211,"column":5}},{"start":{},"end":{}}],"line":207},"20":{"loc":{"start":{"line":280,"column":4},"end":{"line":282,"column":5}},"type":"if","locations":[{"start":{"line":280,"column":4},"end":{"line":282,"column":5}},{"start":{},"end":{}}],"line":280},"21":{"loc":{"start":{"line":294,"column":6},"end":{"line":298,"column":7}},"type":"if","locations":[{"start":{"line":294,"column":6},"end":{"line":298,"column":7}},{"start":{},"end":{}}],"line":294},"22":{"loc":{"start":{"line":301,"column":4},"end":{"line":303,"column":5}},"type":"if","locations":[{"start":{"line":301,"column":4},"end":{"line":303,"column":5}},{"start":{},"end":{}}],"line":301},"23":{"loc":{"start":{"line":318,"column":4},"end":{"line":320,"column":5}},"type":"if","locations":[{"start":{"line":318,"column":4},"end":{"line":320,"column":5}},{"start":{},"end":{}}],"line":318},"24":{"loc":{"start":{"line":355,"column":4},"end":{"line":357,"column":5}},"type":"if","locations":[{"start":{"line":355,"column":4},"end":{"line":357,"column":5}},{"start":{},"end":{}}],"line":355},"25":{"loc":{"start":{"line":389,"column":37},"end":{"line":389,"column":58}},"type":"default-arg","locations":[{"start":{"line":389,"column":54},"end":{"line":389,"column":58}}],"line":389},"26":{"loc":{"start":{"line":394,"column":4},"end":{"line":397,"column":5}},"type":"if","locations":[{"start":{"line":394,"column":4},"end":{"line":397,"column":5}},{"start":{},"end":{}}],"line":394}},"s":{"0":1,"1":1,"2":1,"3":1,"4":1,"5":6,"6":6,"7":6,"8":6,"9":6,"10":27,"11":1,"12":5,"13":5,"14":1,"15":4,"16":4,"17":4,"18":1,"19":3,"20":3,"21":3,"22":3,"23":3,"24":1,"25":2,"26":2,"27":2,"28":1,"29":1,"30":1,"31":1,"32":1,"33":1,"34":1,"35":1,"36":5,"37":5,"38":6,"39":5,"40":5,"41":5,"42":5,"43":2,"44":3,"45":3,"46":3,"47":3,"48":2,"49":2,"50":2,"51":2,"52":2,"53":2,"54":2,"55":1,"56":1,"57":1,"58":2,"59":1,"60":1,"61":1,"62":2,"63":1,"64":1,"65":1,"66":2,"67":1,"68":1,"69":1,"70":2,"71":2,"72":2,"73":2,"74":2,"75":2,"76":2,"77":1,"78":2,"79":0,"80":2,"81":2,"82":2,"83":2,"84":1,"85":0,"86":1,"87":1,"88":1,"89":1,"90":1,"91":1,"92":1,"93":1,"94":1,"95":1,"96":0,"97":1,"98":1,"99":1,"100":1,"101":1,"102":0,"103":1,"104":1,"105":1,"106":1,"107":1,"108":2,"109":2,"110":2,"111":2,"112":2,"113":2,"114":1,"115":1,"116":1,"117":1,"118":1,"119":1,"120":1,"121":1,"122":2,"123":1,"124":1,"125":1,"126":1,"127":0,"128":0,"129":1,"130":1,"131":1,"132":2,"133":1,"134":2,"135":1,"136":2,"137":1,"138":2,"139":0,"140":1,"141":1,"142":1,"143":1,"144":1,"145":1,"146":0,"147":1},"f":{"0":6,"1":5,"2":2,"3":1,"4":2,"5":2,"6":1,"7":2,"8":2,"9":2,"10":2,"11":1,"12":1},"b":{"0":[1,26],"1":[1,4],"2":[1,3],"3":[1,2],"4":[1,1],"5":[1,1],"6":[1,1],"7":[1,1],"8":[1,1],"9":[1,1],"10":[2,3],"11":[1],"12":[2],"13":[2],"14":[2],"15":[2],"16":[1,1],"17":[1,1],"18":[1,1],"19":[1,1],"20":[0,1],"21":[1,0],"22":[0,1],"23":[0,1],"24":[1,1],"25":[1],"26":[0,1]},"_coverageSchema":"1a1c01bbd47fc00a2c39e90264f33305004495a9","hash":"ba07c9396191eb077f0f2383d161fef3fe3e0302"}
,"/Users/noureddineihellioun/CascadeProjects/ecole-nid-douillet/backend/src/utils/academicYear.js": {"path":"/Users/noureddineihellioun/CascadeProjects/ecole-nid-douillet/backend/src/utils/academicYear.js","statementMap":{"0":{"start":{"line":10,"column":88},"end":{"line":10,"column":107}},"1":{"start":{"line":11,"column":15},"end":{"line":11,"column":41}},"2":{"start":{"line":12,"column":13},"end":{"line":12,"column":42}},"3":{"start":{"line":21,"column":2},"end":{"line":62,"column":3}},"4":{"start":{"line":22,"column":17},"end":{"line":22,"column":36}},"5":{"start":{"line":23,"column":4},"end":{"line":25,"column":5}},"6":{"start":{"line":24,"column":6},"end":{"line":24,"column":53}},"7":{"start":{"line":27,"column":17},"end":{"line":27,"column":38}},"8":{"start":{"line":28,"column":22},"end":{"line":28,"column":42}},"9":{"start":{"line":29,"column":20},"end":{"line":29,"column":45}},"10":{"start":{"line":32,"column":31},"end":{"line":32,"column":81}},"11":{"start":{"line":33,"column":32},"end":{"line":33,"column":84}},"12":{"start":{"line":35,"column":18},"end":{"line":39,"column":5}},"13":{"start":{"line":41,"column":19},"end":{"line":48,"column":5}},"14":{"start":{"line":50,"column":19},"end":{"line":50,"column":50}},"15":{"start":{"line":52,"column":4},"end":{"line":56,"column":6}},"16":{"start":{"line":58,"column":4},"end":{"line":60,"column":5}},"17":{"start":{"line":59,"column":6},"end":{"line":59,"column":96}},"18":{"start":{"line":61,"column":4},"end":{"line":61,"column":90}},"19":{"start":{"line":70,"column":2},"end":{"line":95,"column":3}},"20":{"start":{"line":71,"column":18},"end":{"line":76,"column":5}},"21":{"start":{"line":78,"column":19},"end":{"line":78,"column":42}},"22":{"start":{"line":80,"column":4},"end":{"line":82,"column":5}},"23":{"start":{"line":81,"column":6},"end":{"line":81,"column":64}},"24":{"start":{"line":84,"column":25},"end":{"line":84,"column":39}},"25":{"start":{"line":86,"column":4},"end":{"line":92,"column":6}},"26":{"start":{"line":94,"column":4},"end":{"line":94,"column":94}},"27":{"start":{"line":104,"column":17},"end":{"line":104,"column":37}},"28":{"start":{"line":106,"column":2},"end":{"line":138,"column":3}},"29":{"start":{"line":107,"column":4},"end":{"line":107,"column":32}},"30":{"start":{"line":110,"column":4},"end":{"line":110,"column":70}},"31":{"start":{"line":113,"column":18},"end":{"line":118,"column":5}},"32":{"start":{"line":120,"column":19},"end":{"line":120,"column":62}},"33":{"start":{"line":122,"column":4},"end":{"line":124,"column":5}},"34":{"start":{"line":123,"column":6},"end":{"line":123,"column":54}},"35":{"start":{"line":126,"column":4},"end":{"line":126,"column":33}},"36":{"start":{"line":128,"column":4},"end":{"line":132,"column":6}},"37":{"start":{"line":134,"column":4},"end":{"line":134,"column":35}},"38":{"start":{"line":135,"column":4},"end":{"line":135,"column":91}},"39":{"start":{"line":137,"column":4},"end":{"line":137,"column":21}},"40":{"start":{"line":147,"column":2},"end":{"line":189,"column":3}},"41":{"start":{"line":148,"column":60},"end":{"line":148,"column":67}},"42":{"start":{"line":150,"column":16},"end":{"line":161,"column":5}},"43":{"start":{"line":163,"column":19},"end":{"line":163,"column":59}},"44":{"start":{"line":166,"column":24},"end":{"line":166,"column":79}},"45":{"start":{"line":167,"column":23},"end":{"line":167,"column":58}},"46":{"start":{"line":169,"column":26},"end":{"line":175,"column":7}},"47":{"start":{"line":169,"column":51},"end":{"line":175,"column":5}},"48":{"start":{"line":177,"column":4},"end":{"line":186,"column":6}},"49":{"start":{"line":188,"column":4},"end":{"line":188,"column":95}},"50":{"start":{"line":199,"column":2},"end":{"line":239,"column":3}},"51":{"start":{"line":200,"column":26},"end":{"line":200,"column":75}},"52":{"start":{"line":201,"column":22},"end":{"line":201,"column":24}},"53":{"start":{"line":202,"column":19},"end":{"line":202,"column":21}},"54":{"start":{"line":203,"column":21},"end":{"line":203,"column":22}},"55":{"start":{"line":205,"column":4},"end":{"line":211,"column":5}},"56":{"start":{"line":206,"column":6},"end":{"line":210,"column":7}},"57":{"start":{"line":207,"column":8},"end":{"line":207,"column":52}},"58":{"start":{"line":208,"column":8},"end":{"line":208,"column":27}},"59":{"start":{"line":209,"column":8},"end":{"line":209,"column":21}},"60":{"start":{"line":213,"column":4},"end":{"line":215,"column":5}},"61":{"start":{"line":214,"column":6},"end":{"line":214,"column":60}},"62":{"start":{"line":217,"column":4},"end":{"line":217,"column":32}},"63":{"start":{"line":219,"column":18},"end":{"line":224,"column":5}},"64":{"start":{"line":226,"column":19},"end":{"line":226,"column":50}},"65":{"start":{"line":228,"column":4},"end":{"line":230,"column":5}},"66":{"start":{"line":229,"column":6},"end":{"line":229,"column":54}},"67":{"start":{"line":232,"column":4},"end":{"line":236,"column":6}},"68":{"start":{"line":238,"column":4},"end":{"line":238,"column":93}},"69":{"start":{"line":248,"column":2},"end":{"line":250,"column":3}},"70":{"start":{"line":249,"column":4},"end":{"line":249,"column":17}},"71":{"start":{"line":252,"column":14},"end":{"line":252,"column":24}},"72":{"start":{"line":253,"column":19},"end":{"line":253,"column":62}},"73":{"start":{"line":254,"column":20},"end":{"line":254,"column":64}},"74":{"start":{"line":256,"column":2},"end":{"line":256,"column":68}},"75":{"start":{"line":265,"column":14},"end":{"line":265,"column":24}},"76":{"start":{"line":266,"column":20},"end":{"line":266,"column":53}},"77":{"start":{"line":267,"column":18},"end":{"line":267,"column":49}},"78":{"start":{"line":269,"column":2},"end":{"line":275,"column":3}},"79":{"start":{"line":270,"column":4},"end":{"line":270,"column":81}},"80":{"start":{"line":271,"column":9},"end":{"line":275,"column":3}},"81":{"start":{"line":272,"column":4},"end":{"line":272,"column":18}},"82":{"start":{"line":274,"column":4},"end":{"line":274,"column":21}},"83":{"start":{"line":284,"column":14},"end":{"line":284,"column":24}},"84":{"start":{"line":285,"column":20},"end":{"line":285,"column":53}},"85":{"start":{"line":286,"column":2},"end":{"line":286,"column":62}},"86":{"start":{"line":295,"column":14},"end":{"line":295,"column":24}},"87":{"start":{"line":296,"column":18},"end":{"line":296,"column":49}},"88":{"start":{"line":297,"column":2},"end":{"line":297,"column":60}},"89":{"start":{"line":307,"column":18},"end":{"line":307,"column":20}},"90":{"start":{"line":309,"column":2},"end":{"line":321,"column":3}},"91":{"start":{"line":309,"column":15},"end":{"line":309,"column":16}},"92":{"start":{"line":310,"column":4},"end":{"line":320,"column":5}},"93":{"start":{"line":311,"column":19},"end":{"line":311,"column":32}},"94":{"start":{"line":312,"column":21},"end":{"line":312,"column":62}},"95":{"start":{"line":313,"column":6},"end":{"line":313,"column":27}},"96":{"start":{"line":316,"column":6},"end":{"line":318,"column":7}},"97":{"start":{"line":317,"column":8},"end":{"line":317,"column":17}},"98":{"start":{"line":319,"column":6},"end":{"line":319,"column":18}},"99":{"start":{"line":323,"column":2},"end":{"line":328,"column":4}},"100":{"start":{"line":337,"column":2},"end":{"line":363,"column":3}},"101":{"start":{"line":338,"column":18},"end":{"line":341,"column":5}},"102":{"start":{"line":343,"column":19},"end":{"line":343,"column":50}},"103":{"start":{"line":345,"column":4},"end":{"line":347,"column":5}},"104":{"start":{"line":346,"column":6},"end":{"line":346,"column":62}},"105":{"start":{"line":349,"column":25},"end":{"line":349,"column":39}},"106":{"start":{"line":351,"column":4},"end":{"line":360,"column":6}},"107":{"start":{"line":362,"column":4},"end":{"line":362,"column":94}},"108":{"start":{"line":372,"column":17},"end":{"line":372,"column":37}},"109":{"start":{"line":374,"column":2},"end":{"line":426,"column":3}},"110":{"start":{"line":375,"column":4},"end":{"line":375,"column":32}},"111":{"start":{"line":378,"column":26},"end":{"line":381,"column":5}},"112":{"start":{"line":383,"column":4},"end":{"line":385,"column":5}},"113":{"start":{"line":384,"column":6},"end":{"line":384,"column":63}},"114":{"start":{"line":387,"column":24},"end":{"line":387,"column":45}},"115":{"start":{"line":388,"column":24},"end":{"line":388,"column":63}},"116":{"start":{"line":389,"column":25},"end":{"line":389,"column":60}},"117":{"start":{"line":392,"column":23},"end":{"line":395,"column":5}},"118":{"start":{"line":398,"column":4},"end":{"line":404,"column":5}},"119":{"start":{"line":400,"column":27},"end":{"line":400,"column":79}},"120":{"start":{"line":401,"column":6},"end":{"line":401,"column":43}},"121":{"start":{"line":403,"column":6},"end":{"line":403,"column":36}},"122":{"start":{"line":407,"column":4},"end":{"line":407,"column":101}},"123":{"start":{"line":408,"column":4},"end":{"line":408,"column":98}},"124":{"start":{"line":413,"column":4},"end":{"line":413,"column":33}},"125":{"start":{"line":415,"column":4},"end":{"line":420,"column":6}},"126":{"start":{"line":422,"column":4},"end":{"line":422,"column":35}},"127":{"start":{"line":423,"column":4},"end":{"line":423,"column":89}},"128":{"start":{"line":425,"column":4},"end":{"line":425,"column":21}},"129":{"start":{"line":429,"column":0},"end":{"line":442,"column":2}}},"fnMap":{"0":{"name":"createAcademicYear","decl":{"start":{"line":20,"column":15},"end":{"line":20,"column":33}},"loc":{"start":{"line":20,"column":59},"end":{"line":63,"column":1}},"line":20},"1":{"name":"getCurrentAcademicYear","decl":{"start":{"line":69,"column":15},"end":{"line":69,"column":37}},"loc":{"start":{"line":69,"column":40},"end":{"line":96,"column":1}},"line":69},"2":{"name":"setActiveAcademicYear","decl":{"start":{"line":103,"column":15},"end":{"line":103,"column":36}},"loc":{"start":{"line":103,"column":53},"end":{"line":139,"column":1}},"line":103},"3":{"name":"getAllAcademicYears","decl":{"start":{"line":146,"column":15},"end":{"line":146,"column":34}},"loc":{"start":{"line":146,"column":49},"end":{"line":190,"column":1}},"line":146},"4":{"name":"(anonymous_4)","decl":{"start":{"line":169,"column":42},"end":{"line":169,"column":43}},"loc":{"start":{"line":169,"column":51},"end":{"line":175,"column":5}},"line":169},"5":{"name":"updateAcademicYear","decl":{"start":{"line":198,"column":15},"end":{"line":198,"column":33}},"loc":{"start":{"line":198,"column":59},"end":{"line":240,"column":1}},"line":198},"6":{"name":"isEnrollmentPeriodOpen","decl":{"start":{"line":247,"column":9},"end":{"line":247,"column":31}},"loc":{"start":{"line":247,"column":46},"end":{"line":257,"column":1}},"line":247},"7":{"name":"getAcademicYearStatus","decl":{"start":{"line":264,"column":9},"end":{"line":264,"column":30}},"loc":{"start":{"line":264,"column":45},"end":{"line":276,"column":1}},"line":264},"8":{"name":"getDaysUntilStart","decl":{"start":{"line":283,"column":9},"end":{"line":283,"column":26}},"loc":{"start":{"line":283,"column":41},"end":{"line":287,"column":1}},"line":283},"9":{"name":"getDaysUntilEnd","decl":{"start":{"line":294,"column":9},"end":{"line":294,"column":24}},"loc":{"start":{"line":294,"column":39},"end":{"line":298,"column":1}},"line":294},"10":{"name":"generateAcademicYears","decl":{"start":{"line":306,"column":15},"end":{"line":306,"column":36}},"loc":{"start":{"line":306,"column":59},"end":{"line":329,"column":1}},"line":306},"11":{"name":"getAcademicYearByName","decl":{"start":{"line":336,"column":15},"end":{"line":336,"column":36}},"loc":{"start":{"line":336,"column":43},"end":{"line":364,"column":1}},"line":336},"12":{"name":"transitionToNextAcademicYear","decl":{"start":{"line":371,"column":15},"end":{"line":371,"column":43}},"loc":{"start":{"line":371,"column":59},"end":{"line":427,"column":1}},"line":371}},"branchMap":{"0":{"loc":{"start":{"line":20,"column":45},"end":{"line":20,"column":57}},"type":"default-arg","locations":[{"start":{"line":20,"column":55},"end":{"line":20,"column":57}}],"line":20},"1":{"loc":{"start":{"line":23,"column":4},"end":{"line":25,"column":5}},"type":"if","locations":[{"start":{"line":23,"column":4},"end":{"line":25,"column":5}},{"start":{},"end":{}}],"line":23},"2":{"loc":{"start":{"line":23,"column":8},"end":{"line":23,"column":49}},"type":"binary-expr","locations":[{"start":{"line":23,"column":8},"end":{"line":23,"column":19}},{"start":{"line":23,"column":23},"end":{"line":23,"column":34}},{"start":{"line":23,"column":38},"end":{"line":23,"column":49}}],"line":23},"3":{"loc":{"start":{"line":32,"column":31},"end":{"line":32,"column":81}},"type":"binary-expr","locations":[{"start":{"line":32,"column":31},"end":{"line":32,"column":57}},{"start":{"line":32,"column":61},"end":{"line":32,"column":81}}],"line":32},"4":{"loc":{"start":{"line":33,"column":32},"end":{"line":33,"column":84}},"type":"binary-expr","locations":[{"start":{"line":33,"column":32},"end":{"line":33,"column":59}},{"start":{"line":33,"column":63},"end":{"line":33,"column":84}}],"line":33},"5":{"loc":{"start":{"line":47,"column":6},"end":{"line":47,"column":31}},"type":"binary-expr","locations":[{"start":{"line":47,"column":6},"end":{"line":47,"column":22}},{"start":{"line":47,"column":26},"end":{"line":47,"column":31}}],"line":47},"6":{"loc":{"start":{"line":58,"column":4},"end":{"line":60,"column":5}},"type":"if","locations":[{"start":{"line":58,"column":4},"end":{"line":60,"column":5}},{"start":{},"end":{}}],"line":58},"7":{"loc":{"start":{"line":80,"column":4},"end":{"line":82,"column":5}},"type":"if","locations":[{"start":{"line":80,"column":4},"end":{"line":82,"column":5}},{"start":{},"end":{}}],"line":80},"8":{"loc":{"start":{"line":122,"column":4},"end":{"line":124,"column":5}},"type":"if","locations":[{"start":{"line":122,"column":4},"end":{"line":124,"column":5}},{"start":{},"end":{}}],"line":122},"9":{"loc":{"start":{"line":146,"column":35},"end":{"line":146,"column":47}},"type":"default-arg","locations":[{"start":{"line":146,"column":45},"end":{"line":146,"column":47}}],"line":146},"10":{"loc":{"start":{"line":148,"column":12},"end":{"line":148,"column":22}},"type":"default-arg","locations":[{"start":{"line":148,"column":20},"end":{"line":148,"column":22}}],"line":148},"11":{"loc":{"start":{"line":148,"column":24},"end":{"line":148,"column":34}},"type":"default-arg","locations":[{"start":{"line":148,"column":33},"end":{"line":148,"column":34}}],"line":148},"12":{"loc":{"start":{"line":148,"column":36},"end":{"line":148,"column":55}},"type":"default-arg","locations":[{"start":{"line":148,"column":51},"end":{"line":148,"column":55}}],"line":148},"13":{"loc":{"start":{"line":153,"column":10},"end":{"line":157,"column":14}},"type":"cond-expr","locations":[{"start":{"line":153,"column":25},"end":{"line":157,"column":9}},{"start":{"line":157,"column":12},"end":{"line":157,"column":14}}],"line":153},"14":{"loc":{"start":{"line":206,"column":6},"end":{"line":210,"column":7}},"type":"if","locations":[{"start":{"line":206,"column":6},"end":{"line":210,"column":7}},{"start":{},"end":{}}],"line":206},"15":{"loc":{"start":{"line":213,"column":4},"end":{"line":215,"column":5}},"type":"if","locations":[{"start":{"line":213,"column":4},"end":{"line":215,"column":5}},{"start":{},"end":{}}],"line":213},"16":{"loc":{"start":{"line":228,"column":4},"end":{"line":230,"column":5}},"type":"if","locations":[{"start":{"line":228,"column":4},"end":{"line":230,"column":5}},{"start":{},"end":{}}],"line":228},"17":{"loc":{"start":{"line":248,"column":2},"end":{"line":250,"column":3}},"type":"if","locations":[{"start":{"line":248,"column":2},"end":{"line":250,"column":3}},{"start":{},"end":{}}],"line":248},"18":{"loc":{"start":{"line":248,"column":6},"end":{"line":248,"column":79}},"type":"binary-expr","locations":[{"start":{"line":248,"column":6},"end":{"line":248,"column":40}},{"start":{"line":248,"column":44},"end":{"line":248,"column":79}}],"line":248},"19":{"loc":{"start":{"line":269,"column":2},"end":{"line":275,"column":3}},"type":"if","locations":[{"start":{"line":269,"column":2},"end":{"line":275,"column":3}},{"start":{"line":271,"column":9},"end":{"line":275,"column":3}}],"line":269},"20":{"loc":{"start":{"line":270,"column":11},"end":{"line":270,"column":80}},"type":"cond-expr","locations":[{"start":{"line":270,"column":50},"end":{"line":270,"column":67}},{"start":{"line":270,"column":70},"end":{"line":270,"column":80}}],"line":270},"21":{"loc":{"start":{"line":271,"column":9},"end":{"line":275,"column":3}},"type":"if","locations":[{"start":{"line":271,"column":9},"end":{"line":275,"column":3}},{"start":{"line":273,"column":9},"end":{"line":275,"column":3}}],"line":271},"22":{"loc":{"start":{"line":306,"column":48},"end":{"line":306,"column":57}},"type":"default-arg","locations":[{"start":{"line":306,"column":56},"end":{"line":306,"column":57}}],"line":306},"23":{"loc":{"start":{"line":316,"column":6},"end":{"line":318,"column":7}},"type":"if","locations":[{"start":{"line":316,"column":6},"end":{"line":318,"column":7}},{"start":{},"end":{}}],"line":316},"24":{"loc":{"start":{"line":345,"column":4},"end":{"line":347,"column":5}},"type":"if","locations":[{"start":{"line":345,"column":4},"end":{"line":347,"column":5}},{"start":{},"end":{}}],"line":345},"25":{"loc":{"start":{"line":383,"column":4},"end":{"line":385,"column":5}},"type":"if","locations":[{"start":{"line":383,"column":4},"end":{"line":385,"column":5}},{"start":{},"end":{}}],"line":383},"26":{"loc":{"start":{"line":398,"column":4},"end":{"line":404,"column":5}},"type":"if","locations":[{"start":{"line":398,"column":4},"end":{"line":404,"column":5}},{"start":{"line":402,"column":11},"end":{"line":404,"column":5}}],"line":398}},"s":{"0":1,"1":1,"2":1,"3":0,"4":0,"5":0,"6":0,"7":0,"8":0,"9":0,"10":0,"11":0,"12":0,"13":0,"14":0,"15":0,"16":0,"17":0,"18":0,"19":0,"20":0,"21":0,"22":0,"23":0,"24":0,"25":0,"26":0,"27":0,"28":0,"29":0,"30":0,"31":0,"32":0,"33":0,"34":0,"35":0,"36":0,"37":0,"38":0,"39":0,"40":0,"41":0,"42":0,"43":0,"44":0,"45":0,"46":0,"47":0,"48":0,"49":0,"50":0,"51":0,"52":0,"53":0,"54":0,"55":0,"56":0,"57":0,"58":0,"59":0,"60":0,"61":0,"62":0,"63":0,"64":0,"65":0,"66":0,"67":0,"68":0,"69":0,"70":0,"71":0,"72":0,"73":0,"74":0,"75":0,"76":0,"77":0,"78":0,"79":0,"80":0,"81":0,"82":0,"83":0,"84":0,"85":0,"86":0,"87":0,"88":0,"89":0,"90":0,"91":0,"92":0,"93":0,"94":0,"95":0,"96":0,"97":0,"98":0,"99":0,"100":0,"101":0,"102":0,"103":0,"104":0,"105":0,"106":0,"107":0,"108":0,"109":0,"110":0,"111":0,"112":0,"113":0,"114":0,"115":0,"116":0,"117":0,"118":0,"119":0,"120":0,"121":0,"122":0,"123":0,"124":0,"125":0,"126":0,"127":0,"128":0,"129":1},"f":{"0":0,"1":0,"2":0,"3":0,"4":0,"5":0,"6":0,"7":0,"8":0,"9":0,"10":0,"11":0,"12":0},"b":{"0":[0],"1":[0,0],"2":[0,0,0],"3":[0,0],"4":[0,0],"5":[0,0],"6":[0,0],"7":[0,0],"8":[0,0],"9":[0],"10":[0],"11":[0],"12":[0],"13":[0,0],"14":[0,0],"15":[0,0],"16":[0,0],"17":[0,0],"18":[0,0],"19":[0,0],"20":[0,0],"21":[0,0],"22":[0],"23":[0,0],"24":[0,0],"25":[0,0],"26":[0,0]},"_coverageSchema":"1a1c01bbd47fc00a2c39e90264f33305004495a9","hash":"f34389e6085df836512abe4afb24b3e1fccda669"}
,"/Users/noureddineihellioun/CascadeProjects/ecole-nid-douillet/backend/src/utils/ageCalculation.js": {"path":"/Users/noureddineihellioun/CascadeProjects/ecole-nid-douillet/backend/src/utils/ageCalculation.js","statementMap":{"0":{"start":{"line":10,"column":95},"end":{"line":10,"column":114}},"1":{"start":{"line":11,"column":15},"end":{"line":11,"column":41}},"2":{"start":{"line":20,"column":2},"end":{"line":58,"column":3}},"3":{"start":{"line":22,"column":18},"end":{"line":22,"column":81}},"4":{"start":{"line":23,"column":4},"end":{"line":25,"column":5}},"5":{"start":{"line":24,"column":6},"end":{"line":24,"column":53}},"6":{"start":{"line":29,"column":4},"end":{"line":36,"column":5}},"7":{"start":{"line":30,"column":6},"end":{"line":30,"column":94}},"8":{"start":{"line":31,"column":6},"end":{"line":33,"column":7}},"9":{"start":{"line":32,"column":8},"end":{"line":32,"column":59}},"10":{"start":{"line":35,"column":6},"end":{"line":35,"column":46}},"11":{"start":{"line":39,"column":18},"end":{"line":39,"column":53}},"12":{"start":{"line":40,"column":19},"end":{"line":40,"column":60}},"13":{"start":{"line":41,"column":17},"end":{"line":41,"column":127}},"14":{"start":{"line":44,"column":22},"end":{"line":44,"column":60}},"15":{"start":{"line":46,"column":4},"end":{"line":55,"column":6}},"16":{"start":{"line":57,"column":4},"end":{"line":57,"column":64}},"17":{"start":{"line":67,"column":22},"end":{"line":67,"column":70}},"18":{"start":{"line":68,"column":22},"end":{"line":68,"column":47}},"19":{"start":{"line":69,"column":23},"end":{"line":69,"column":45}},"20":{"start":{"line":73,"column":2},"end":{"line":77,"column":3}},"21":{"start":{"line":74,"column":4},"end":{"line":74,"column":41}},"22":{"start":{"line":76,"column":4},"end":{"line":76,"column":41}},"23":{"start":{"line":87,"column":2},"end":{"line":143,"column":3}},"24":{"start":{"line":88,"column":18},"end":{"line":88,"column":81}},"25":{"start":{"line":89,"column":4},"end":{"line":91,"column":5}},"26":{"start":{"line":90,"column":6},"end":{"line":90,"column":53}},"27":{"start":{"line":94,"column":23},"end":{"line":96,"column":33}},"28":{"start":{"line":98,"column":16},"end":{"line":98,"column":47}},"29":{"start":{"line":99,"column":23},"end":{"line":99,"column":32}},"30":{"start":{"line":104,"column":4},"end":{"line":129,"column":5}},"31":{"start":{"line":105,"column":6},"end":{"line":105,"column":36}},"32":{"start":{"line":106,"column":6},"end":{"line":106,"column":23}},"33":{"start":{"line":107,"column":6},"end":{"line":107,"column":27}},"34":{"start":{"line":108,"column":6},"end":{"line":108,"column":100}},"35":{"start":{"line":109,"column":11},"end":{"line":129,"column":5}},"36":{"start":{"line":110,"column":6},"end":{"line":110,"column":37}},"37":{"start":{"line":111,"column":6},"end":{"line":111,"column":23}},"38":{"start":{"line":112,"column":6},"end":{"line":112,"column":27}},"39":{"start":{"line":113,"column":6},"end":{"line":113,"column":96}},"40":{"start":{"line":114,"column":11},"end":{"line":129,"column":5}},"41":{"start":{"line":115,"column":6},"end":{"line":115,"column":36}},"42":{"start":{"line":116,"column":6},"end":{"line":116,"column":23}},"43":{"start":{"line":117,"column":6},"end":{"line":117,"column":27}},"44":{"start":{"line":118,"column":6},"end":{"line":118,"column":86}},"45":{"start":{"line":119,"column":11},"end":{"line":129,"column":5}},"46":{"start":{"line":120,"column":6},"end":{"line":120,"column":32}},"47":{"start":{"line":121,"column":6},"end":{"line":121,"column":23}},"48":{"start":{"line":122,"column":6},"end":{"line":122,"column":34}},"49":{"start":{"line":123,"column":6},"end":{"line":123,"column":81}},"50":{"start":{"line":125,"column":6},"end":{"line":125,"column":30}},"51":{"start":{"line":126,"column":6},"end":{"line":126,"column":23}},"52":{"start":{"line":127,"column":6},"end":{"line":127,"column":33}},"53":{"start":{"line":128,"column":6},"end":{"line":128,"column":63}},"54":{"start":{"line":131,"column":4},"end":{"line":140,"column":6}},"55":{"start":{"line":142,"column":4},"end":{"line":142,"column":74}},"56":{"start":{"line":152,"column":22},"end":{"line":152,"column":70}},"57":{"start":{"line":153,"column":15},"end":{"line":153,"column":40}},"58":{"start":{"line":154,"column":16},"end":{"line":154,"column":38}},"59":{"start":{"line":156,"column":2},"end":{"line":160,"column":3}},"60":{"start":{"line":157,"column":4},"end":{"line":157,"column":33}},"61":{"start":{"line":159,"column":4},"end":{"line":159,"column":33}},"62":{"start":{"line":171,"column":16},"end":{"line":171,"column":18}},"63":{"start":{"line":173,"column":2},"end":{"line":175,"column":3}},"64":{"start":{"line":174,"column":4},"end":{"line":174,"column":54}},"65":{"start":{"line":177,"column":2},"end":{"line":179,"column":3}},"66":{"start":{"line":178,"column":4},"end":{"line":178,"column":59}},"67":{"start":{"line":181,"column":2},"end":{"line":183,"column":3}},"68":{"start":{"line":182,"column":4},"end":{"line":182,"column":56}},"69":{"start":{"line":185,"column":2},"end":{"line":187,"column":3}},"70":{"start":{"line":186,"column":4},"end":{"line":186,"column":24}},"71":{"start":{"line":189,"column":2},"end":{"line":191,"column":3}},"72":{"start":{"line":190,"column":4},"end":{"line":190,"column":20}},"73":{"start":{"line":193,"column":2},"end":{"line":195,"column":3}},"74":{"start":{"line":194,"column":4},"end":{"line":194,"column":30}},"75":{"start":{"line":198,"column":2},"end":{"line":198,"column":74}},"76":{"start":{"line":208,"column":2},"end":{"line":230,"column":3}},"77":{"start":{"line":209,"column":18},"end":{"line":209,"column":81}},"78":{"start":{"line":210,"column":4},"end":{"line":212,"column":5}},"79":{"start":{"line":211,"column":6},"end":{"line":211,"column":53}},"80":{"start":{"line":215,"column":24},"end":{"line":215,"column":59}},"81":{"start":{"line":216,"column":23},"end":{"line":216,"column":50}},"82":{"start":{"line":218,"column":16},"end":{"line":218,"column":47}},"83":{"start":{"line":219,"column":22},"end":{"line":219,"column":75}},"84":{"start":{"line":221,"column":4},"end":{"line":227,"column":6}},"85":{"start":{"line":229,"column":4},"end":{"line":229,"column":75}},"86":{"start":{"line":240,"column":2},"end":{"line":263,"column":3}},"87":{"start":{"line":241,"column":27},"end":{"line":241,"column":74}},"88":{"start":{"line":242,"column":20},"end":{"line":242,"column":22}},"89":{"start":{"line":244,"column":4},"end":{"line":250,"column":5}},"90":{"start":{"line":245,"column":6},"end":{"line":249,"column":7}},"91":{"start":{"line":246,"column":8},"end":{"line":246,"column":81}},"92":{"start":{"line":247,"column":13},"end":{"line":249,"column":7}},"93":{"start":{"line":248,"column":8},"end":{"line":248,"column":78}},"94":{"start":{"line":252,"column":4},"end":{"line":260,"column":6}},"95":{"start":{"line":262,"column":4},"end":{"line":262,"column":82}},"96":{"start":{"line":266,"column":0},"end":{"line":274,"column":2}}},"fnMap":{"0":{"name":"calculateAge","decl":{"start":{"line":19,"column":9},"end":{"line":19,"column":21}},"loc":{"start":{"line":19,"column":55},"end":{"line":59,"column":1}},"line":19},"1":{"name":"getAcademicYearCutoffDate","decl":{"start":{"line":66,"column":9},"end":{"line":66,"column":34}},"loc":{"start":{"line":66,"column":54},"end":{"line":78,"column":1}},"line":66},"2":{"name":"determineClassLevel","decl":{"start":{"line":86,"column":9},"end":{"line":86,"column":28}},"loc":{"start":{"line":86,"column":66},"end":{"line":144,"column":1}},"line":86},"3":{"name":"getAcademicYearName","decl":{"start":{"line":151,"column":9},"end":{"line":151,"column":28}},"loc":{"start":{"line":151,"column":48},"end":{"line":161,"column":1}},"line":151},"4":{"name":"formatAgeInFrench","decl":{"start":{"line":170,"column":9},"end":{"line":170,"column":26}},"loc":{"start":{"line":170,"column":48},"end":{"line":199,"column":1}},"line":170},"5":{"name":"calculateEnrollmentAge","decl":{"start":{"line":207,"column":9},"end":{"line":207,"column":31}},"loc":{"start":{"line":207,"column":57},"end":{"line":231,"column":1}},"line":207},"6":{"name":"validateEnrollmentEligibility","decl":{"start":{"line":239,"column":9},"end":{"line":239,"column":38}},"loc":{"start":{"line":239,"column":64},"end":{"line":264,"column":1}},"line":239}},"branchMap":{"0":{"loc":{"start":{"line":19,"column":33},"end":{"line":19,"column":53}},"type":"default-arg","locations":[{"start":{"line":19,"column":49},"end":{"line":19,"column":53}}],"line":19},"1":{"loc":{"start":{"line":22,"column":18},"end":{"line":22,"column":81}},"type":"cond-expr","locations":[{"start":{"line":22,"column":50},"end":{"line":22,"column":69}},{"start":{"line":22,"column":72},"end":{"line":22,"column":81}}],"line":22},"2":{"loc":{"start":{"line":23,"column":4},"end":{"line":25,"column":5}},"type":"if","locations":[{"start":{"line":23,"column":4},"end":{"line":25,"column":5}},{"start":{},"end":{}}],"line":23},"3":{"loc":{"start":{"line":29,"column":4},"end":{"line":36,"column":5}},"type":"if","locations":[{"start":{"line":29,"column":4},"end":{"line":36,"column":5}},{"start":{"line":34,"column":11},"end":{"line":36,"column":5}}],"line":29},"4":{"loc":{"start":{"line":30,"column":18},"end":{"line":30,"column":93}},"type":"cond-expr","locations":[{"start":{"line":30,"column":54},"end":{"line":30,"column":77}},{"start":{"line":30,"column":80},"end":{"line":30,"column":93}}],"line":30},"5":{"loc":{"start":{"line":31,"column":6},"end":{"line":33,"column":7}},"type":"if","locations":[{"start":{"line":31,"column":6},"end":{"line":33,"column":7}},{"start":{},"end":{}}],"line":31},"6":{"loc":{"start":{"line":66,"column":35},"end":{"line":66,"column":52}},"type":"default-arg","locations":[{"start":{"line":66,"column":42},"end":{"line":66,"column":52}}],"line":66},"7":{"loc":{"start":{"line":67,"column":22},"end":{"line":67,"column":70}},"type":"cond-expr","locations":[{"start":{"line":67,"column":49},"end":{"line":67,"column":63}},{"start":{"line":67,"column":66},"end":{"line":67,"column":70}}],"line":67},"8":{"loc":{"start":{"line":73,"column":2},"end":{"line":77,"column":3}},"type":"if","locations":[{"start":{"line":73,"column":2},"end":{"line":77,"column":3}},{"start":{"line":75,"column":9},"end":{"line":77,"column":3}}],"line":73},"9":{"loc":{"start":{"line":86,"column":40},"end":{"line":86,"column":64}},"type":"default-arg","locations":[{"start":{"line":86,"column":60},"end":{"line":86,"column":64}}],"line":86},"10":{"loc":{"start":{"line":88,"column":18},"end":{"line":88,"column":81}},"type":"cond-expr","locations":[{"start":{"line":88,"column":50},"end":{"line":88,"column":69}},{"start":{"line":88,"column":72},"end":{"line":88,"column":81}}],"line":88},"11":{"loc":{"start":{"line":89,"column":4},"end":{"line":91,"column":5}},"type":"if","locations":[{"start":{"line":89,"column":4},"end":{"line":91,"column":5}},{"start":{},"end":{}}],"line":89},"12":{"loc":{"start":{"line":94,"column":23},"end":{"line":96,"column":33}},"type":"cond-expr","locations":[{"start":{"line":95,"column":6},"end":{"line":95,"column":50}},{"start":{"line":96,"column":6},"end":{"line":96,"column":33}}],"line":94},"13":{"loc":{"start":{"line":104,"column":4},"end":{"line":129,"column":5}},"type":"if","locations":[{"start":{"line":104,"column":4},"end":{"line":129,"column":5}},{"start":{"line":109,"column":11},"end":{"line":129,"column":5}}],"line":104},"14":{"loc":{"start":{"line":104,"column":8},"end":{"line":104,"column":41}},"type":"binary-expr","locations":[{"start":{"line":104,"column":8},"end":{"line":104,"column":23}},{"start":{"line":104,"column":27},"end":{"line":104,"column":41}}],"line":104},"15":{"loc":{"start":{"line":109,"column":11},"end":{"line":129,"column":5}},"type":"if","locations":[{"start":{"line":109,"column":11},"end":{"line":129,"column":5}},{"start":{"line":114,"column":11},"end":{"line":129,"column":5}}],"line":109},"16":{"loc":{"start":{"line":109,"column":15},"end":{"line":109,"column":48}},"type":"binary-expr","locations":[{"start":{"line":109,"column":15},"end":{"line":109,"column":30}},{"start":{"line":109,"column":34},"end":{"line":109,"column":48}}],"line":109},"17":{"loc":{"start":{"line":114,"column":11},"end":{"line":129,"column":5}},"type":"if","locations":[{"start":{"line":114,"column":11},"end":{"line":129,"column":5}},{"start":{"line":119,"column":11},"end":{"line":129,"column":5}}],"line":114},"18":{"loc":{"start":{"line":114,"column":15},"end":{"line":114,"column":48}},"type":"binary-expr","locations":[{"start":{"line":114,"column":15},"end":{"line":114,"column":30}},{"start":{"line":114,"column":34},"end":{"line":114,"column":48}}],"line":114},"19":{"loc":{"start":{"line":119,"column":11},"end":{"line":129,"column":5}},"type":"if","locations":[{"start":{"line":119,"column":11},"end":{"line":129,"column":5}},{"start":{"line":124,"column":11},"end":{"line":129,"column":5}}],"line":119},"20":{"loc":{"start":{"line":138,"column":18},"end":{"line":138,"column":51}},"type":"binary-expr","locations":[{"start":{"line":138,"column":18},"end":{"line":138,"column":33}},{"start":{"line":138,"column":37},"end":{"line":138,"column":51}}],"line":138},"21":{"loc":{"start":{"line":151,"column":29},"end":{"line":151,"column":46}},"type":"default-arg","locations":[{"start":{"line":151,"column":36},"end":{"line":151,"column":46}}],"line":151},"22":{"loc":{"start":{"line":152,"column":22},"end":{"line":152,"column":70}},"type":"cond-expr","locations":[{"start":{"line":152,"column":49},"end":{"line":152,"column":63}},{"start":{"line":152,"column":66},"end":{"line":152,"column":70}}],"line":152},"23":{"loc":{"start":{"line":156,"column":2},"end":{"line":160,"column":3}},"type":"if","locations":[{"start":{"line":156,"column":2},"end":{"line":160,"column":3}},{"start":{"line":158,"column":9},"end":{"line":160,"column":3}}],"line":156},"24":{"loc":{"start":{"line":173,"column":2},"end":{"line":175,"column":3}},"type":"if","locations":[{"start":{"line":173,"column":2},"end":{"line":175,"column":3}},{"start":{},"end":{}}],"line":173},"25":{"loc":{"start":{"line":174,"column":15},"end":{"line":174,"column":52}},"type":"cond-expr","locations":[{"start":{"line":174,"column":29},"end":{"line":174,"column":35}},{"start":{"line":174,"column":38},"end":{"line":174,"column":52}}],"line":174},"26":{"loc":{"start":{"line":177,"column":2},"end":{"line":179,"column":3}},"type":"if","locations":[{"start":{"line":177,"column":2},"end":{"line":179,"column":3}},{"start":{},"end":{}}],"line":177},"27":{"loc":{"start":{"line":178,"column":15},"end":{"line":178,"column":57}},"type":"cond-expr","locations":[{"start":{"line":178,"column":30},"end":{"line":178,"column":38}},{"start":{"line":178,"column":41},"end":{"line":178,"column":57}}],"line":178},"28":{"loc":{"start":{"line":181,"column":2},"end":{"line":183,"column":3}},"type":"if","locations":[{"start":{"line":181,"column":2},"end":{"line":183,"column":3}},{"start":{},"end":{}}],"line":181},"29":{"loc":{"start":{"line":181,"column":6},"end":{"line":181,"column":29}},"type":"binary-expr","locations":[{"start":{"line":181,"column":6},"end":{"line":181,"column":14}},{"start":{"line":181,"column":18},"end":{"line":181,"column":29}}],"line":181},"30":{"loc":{"start":{"line":182,"column":15},"end":{"line":182,"column":54}},"type":"cond-expr","locations":[{"start":{"line":182,"column":28},"end":{"line":182,"column":36}},{"start":{"line":182,"column":39},"end":{"line":182,"column":54}}],"line":182},"31":{"loc":{"start":{"line":185,"column":2},"end":{"line":187,"column":3}},"type":"if","locations":[{"start":{"line":185,"column":2},"end":{"line":187,"column":3}},{"start":{},"end":{}}],"line":185},"32":{"loc":{"start":{"line":189,"column":2},"end":{"line":191,"column":3}},"type":"if","locations":[{"start":{"line":189,"column":2},"end":{"line":191,"column":3}},{"start":{},"end":{}}],"line":189},"33":{"loc":{"start":{"line":193,"column":2},"end":{"line":195,"column":3}},"type":"if","locations":[{"start":{"line":193,"column":2},"end":{"line":195,"column":3}},{"start":{},"end":{}}],"line":193},"34":{"loc":{"start":{"line":209,"column":18},"end":{"line":209,"column":81}},"type":"cond-expr","locations":[{"start":{"line":209,"column":50},"end":{"line":209,"column":69}},{"start":{"line":209,"column":72},"end":{"line":209,"column":81}}],"line":209},"35":{"loc":{"start":{"line":210,"column":4},"end":{"line":212,"column":5}},"type":"if","locations":[{"start":{"line":210,"column":4},"end":{"line":212,"column":5}},{"start":{},"end":{}}],"line":210},"36":{"loc":{"start":{"line":244,"column":4},"end":{"line":250,"column":5}},"type":"if","locations":[{"start":{"line":244,"column":4},"end":{"line":250,"column":5}},{"start":{},"end":{}}],"line":244},"37":{"loc":{"start":{"line":245,"column":6},"end":{"line":249,"column":7}},"type":"if","locations":[{"start":{"line":245,"column":6},"end":{"line":249,"column":7}},{"start":{"line":247,"column":13},"end":{"line":249,"column":7}}],"line":245},"38":{"loc":{"start":{"line":247,"column":13},"end":{"line":249,"column":7}},"type":"if","locations":[{"start":{"line":247,"column":13},"end":{"line":249,"column":7}},{"start":{},"end":{}}],"line":247},"39":{"loc":{"start":{"line":257,"column":15},"end":{"line":257,"column":78}},"type":"cond-expr","locations":[{"start":{"line":257,"column":36},"end":{"line":257,"column":43}},{"start":{"line":257,"column":46},"end":{"line":257,"column":78}}],"line":257}},"s":{"0":1,"1":1,"2":0,"3":0,"4":0,"5":0,"6":0,"7":0,"8":0,"9":0,"10":0,"11":0,"12":0,"13":0,"14":0,"15":0,"16":0,"17":0,"18":0,"19":0,"20":0,"21":0,"22":0,"23":0,"24":0,"25":0,"26":0,"27":0,"28":0,"29":0,"30":0,"31":0,"32":0,"33":0,"34":0,"35":0,"36":0,"37":0,"38":0,"39":0,"40":0,"41":0,"42":0,"43":0,"44":0,"45":0,"46":0,"47":0,"48":0,"49":0,"50":0,"51":0,"52":0,"53":0,"54":0,"55":0,"56":0,"57":0,"58":0,"59":0,"60":0,"61":0,"62":0,"63":0,"64":0,"65":0,"66":0,"67":0,"68":0,"69":0,"70":0,"71":0,"72":0,"73":0,"74":0,"75":0,"76":0,"77":0,"78":0,"79":0,"80":0,"81":0,"82":0,"83":0,"84":0,"85":0,"86":0,"87":0,"88":0,"89":0,"90":0,"91":0,"92":0,"93":0,"94":0,"95":0,"96":1},"f":{"0":0,"1":0,"2":0,"3":0,"4":0,"5":0,"6":0},"b":{"0":[0],"1":[0,0],"2":[0,0],"3":[0,0],"4":[0,0],"5":[0,0],"6":[0],"7":[0,0],"8":[0,0],"9":[0],"10":[0,0],"11":[0,0],"12":[0,0],"13":[0,0],"14":[0,0],"15":[0,0],"16":[0,0],"17":[0,0],"18":[0,0],"19":[0,0],"20":[0,0],"21":[0],"22":[0,0],"23":[0,0],"24":[0,0],"25":[0,0],"26":[0,0],"27":[0,0],"28":[0,0],"29":[0,0],"30":[0,0],"31":[0,0],"32":[0,0],"33":[0,0],"34":[0,0],"35":[0,0],"36":[0,0],"37":[0,0],"38":[0,0],"39":[0,0]},"_coverageSchema":"1a1c01bbd47fc00a2c39e90264f33305004495a9","hash":"5e512875aa2f5b076201441ebb1096fe74b4cf08"}
}
