TN:
SF:src/models/Child.js
FN:19,createChild
FN:124,getChildById
FN:171,getAllChildren
FN:245,(anonymous_3)
FN:272,updateChild
FN:346,deleteChild
FN:389,getChildrenStatistics
FN:417,(anonymous_7)
FN:418,(anonymous_8)
FN:419,(anonymous_9)
FN:427,(anonymous_10)
FN:446,getChildrenByParent
FN:464,(anonymous_12)
FNF:13
FNH:13
FNDA:6,createChild
FNDA:5,getChildById
FNDA:2,getAllChildren
FNDA:1,(anonymous_3)
FNDA:2,updateChild
FNDA:2,deleteChild
FNDA:1,getChildrenStatistics
FNDA:2,(anonymous_7)
FNDA:2,(anonymous_8)
FNDA:2,(anonymous_9)
FNDA:2,(anonymous_10)
FNDA:1,getChildrenByParent
FNDA:1,(anonymous_12)
DA:7,1
DA:8,1
DA:9,1
DA:10,1
DA:11,1
DA:20,6
DA:22,6
DA:23,6
DA:26,6
DA:27,6
DA:28,27
DA:29,1
DA:34,5
DA:35,5
DA:36,1
DA:40,4
DA:41,4
DA:43,4
DA:44,1
DA:47,3
DA:50,3
DA:51,3
DA:52,3
DA:54,3
DA:55,1
DA:59,2
DA:60,2
DA:62,2
DA:63,1
DA:66,1
DA:69,1
DA:78,1
DA:94,1
DA:95,1
DA:97,1
DA:100,1
DA:112,5
DA:113,5
DA:115,6
DA:125,5
DA:126,5
DA:140,5
DA:142,5
DA:143,2
DA:146,3
DA:149,3
DA:150,3
DA:152,3
DA:162,2
DA:172,2
DA:182,2
DA:184,2
DA:185,2
DA:186,2
DA:189,2
DA:190,1
DA:191,1
DA:192,1
DA:195,2
DA:196,1
DA:197,1
DA:198,1
DA:201,2
DA:202,1
DA:203,1
DA:204,1
DA:207,2
DA:208,1
DA:209,1
DA:210,1
DA:214,2
DA:228,2
DA:230,2
DA:233,2
DA:241,2
DA:242,2
DA:245,2
DA:250,2
DA:261,0
DA:273,2
DA:275,2
DA:276,2
DA:279,2
DA:280,1
DA:281,0
DA:284,1
DA:289,1
DA:290,1
DA:291,1
DA:293,1
DA:294,1
DA:295,1
DA:296,1
DA:297,1
DA:301,1
DA:302,0
DA:306,1
DA:307,1
DA:309,1
DA:316,1
DA:318,1
DA:319,0
DA:322,1
DA:325,1
DA:327,1
DA:333,1
DA:334,1
DA:336,2
DA:347,2
DA:349,2
DA:350,2
DA:353,2
DA:355,2
DA:356,1
DA:359,1
DA:362,1
DA:368,1
DA:370,1
DA:372,1
DA:377,1
DA:378,1
DA:380,2
DA:390,1
DA:391,1
DA:392,1
DA:394,1
DA:395,0
DA:396,0
DA:399,1
DA:414,1
DA:417,2
DA:418,2
DA:419,2
DA:421,1
DA:427,2
DA:437,0
DA:447,1
DA:448,1
DA:462,1
DA:464,1
DA:469,1
DA:474,0
DA:478,1
LF:143
LH:135
BRDA:28,0,0,1
BRDA:28,0,1,26
BRDA:35,1,0,1
BRDA:35,1,1,4
BRDA:43,2,0,1
BRDA:43,2,1,3
BRDA:54,3,0,1
BRDA:54,3,1,2
BRDA:62,4,0,1
BRDA:62,4,1,1
BRDA:86,5,0,1
BRDA:86,5,1,1
BRDA:87,6,0,1
BRDA:87,6,1,1
BRDA:88,7,0,1
BRDA:88,7,1,1
BRDA:89,8,0,1
BRDA:89,8,1,1
BRDA:90,9,0,1
BRDA:90,9,1,1
BRDA:142,10,0,2
BRDA:142,10,1,3
BRDA:171,11,0,1
BRDA:174,12,0,2
BRDA:175,13,0,2
BRDA:180,14,0,2
BRDA:181,15,0,2
BRDA:189,16,0,1
BRDA:189,16,1,1
BRDA:195,17,0,1
BRDA:195,17,1,1
BRDA:201,18,0,1
BRDA:201,18,1,1
BRDA:207,19,0,1
BRDA:207,19,1,1
BRDA:280,20,0,0
BRDA:280,20,1,1
BRDA:294,21,0,1
BRDA:294,21,1,0
BRDA:301,22,0,0
BRDA:301,22,1,1
BRDA:318,23,0,0
BRDA:318,23,1,1
BRDA:355,24,0,1
BRDA:355,24,1,1
BRDA:389,25,0,1
BRDA:394,26,0,0
BRDA:394,26,1,1
BRF:48
BRH:43
end_of_record
TN:
SF:src/utils/academicYear.js
FN:20,createAcademicYear
FN:69,getCurrentAcademicYear
FN:103,setActiveAcademicYear
FN:146,getAllAcademicYears
FN:169,(anonymous_4)
FN:198,updateAcademicYear
FN:247,isEnrollmentPeriodOpen
FN:264,getAcademicYearStatus
FN:283,getDaysUntilStart
FN:294,getDaysUntilEnd
FN:306,generateAcademicYears
FN:336,getAcademicYearByName
FN:371,transitionToNextAcademicYear
FNF:13
FNH:0
FNDA:0,createAcademicYear
FNDA:0,getCurrentAcademicYear
FNDA:0,setActiveAcademicYear
FNDA:0,getAllAcademicYears
FNDA:0,(anonymous_4)
FNDA:0,updateAcademicYear
FNDA:0,isEnrollmentPeriodOpen
FNDA:0,getAcademicYearStatus
FNDA:0,getDaysUntilStart
FNDA:0,getDaysUntilEnd
FNDA:0,generateAcademicYears
FNDA:0,getAcademicYearByName
FNDA:0,transitionToNextAcademicYear
DA:10,1
DA:11,1
DA:12,1
DA:21,0
DA:22,0
DA:23,0
DA:24,0
DA:27,0
DA:28,0
DA:29,0
DA:32,0
DA:33,0
DA:35,0
DA:41,0
DA:50,0
DA:52,0
DA:58,0
DA:59,0
DA:61,0
DA:70,0
DA:71,0
DA:78,0
DA:80,0
DA:81,0
DA:84,0
DA:86,0
DA:94,0
DA:104,0
DA:106,0
DA:107,0
DA:110,0
DA:113,0
DA:120,0
DA:122,0
DA:123,0
DA:126,0
DA:128,0
DA:134,0
DA:135,0
DA:137,0
DA:147,0
DA:148,0
DA:150,0
DA:163,0
DA:166,0
DA:167,0
DA:169,0
DA:177,0
DA:188,0
DA:199,0
DA:200,0
DA:201,0
DA:202,0
DA:203,0
DA:205,0
DA:206,0
DA:207,0
DA:208,0
DA:209,0
DA:213,0
DA:214,0
DA:217,0
DA:219,0
DA:226,0
DA:228,0
DA:229,0
DA:232,0
DA:238,0
DA:248,0
DA:249,0
DA:252,0
DA:253,0
DA:254,0
DA:256,0
DA:265,0
DA:266,0
DA:267,0
DA:269,0
DA:270,0
DA:271,0
DA:272,0
DA:274,0
DA:284,0
DA:285,0
DA:286,0
DA:295,0
DA:296,0
DA:297,0
DA:307,0
DA:309,0
DA:310,0
DA:311,0
DA:312,0
DA:313,0
DA:316,0
DA:317,0
DA:319,0
DA:323,0
DA:337,0
DA:338,0
DA:343,0
DA:345,0
DA:346,0
DA:349,0
DA:351,0
DA:362,0
DA:372,0
DA:374,0
DA:375,0
DA:378,0
DA:383,0
DA:384,0
DA:387,0
DA:388,0
DA:389,0
DA:392,0
DA:398,0
DA:400,0
DA:401,0
DA:403,0
DA:407,0
DA:408,0
DA:413,0
DA:415,0
DA:422,0
DA:423,0
DA:425,0
DA:429,1
LF:128
LH:4
BRDA:20,0,0,0
BRDA:23,1,0,0
BRDA:23,1,1,0
BRDA:23,2,0,0
BRDA:23,2,1,0
BRDA:23,2,2,0
BRDA:32,3,0,0
BRDA:32,3,1,0
BRDA:33,4,0,0
BRDA:33,4,1,0
BRDA:47,5,0,0
BRDA:47,5,1,0
BRDA:58,6,0,0
BRDA:58,6,1,0
BRDA:80,7,0,0
BRDA:80,7,1,0
BRDA:122,8,0,0
BRDA:122,8,1,0
BRDA:146,9,0,0
BRDA:148,10,0,0
BRDA:148,11,0,0
BRDA:148,12,0,0
BRDA:153,13,0,0
BRDA:153,13,1,0
BRDA:206,14,0,0
BRDA:206,14,1,0
BRDA:213,15,0,0
BRDA:213,15,1,0
BRDA:228,16,0,0
BRDA:228,16,1,0
BRDA:248,17,0,0
BRDA:248,17,1,0
BRDA:248,18,0,0
BRDA:248,18,1,0
BRDA:269,19,0,0
BRDA:269,19,1,0
BRDA:270,20,0,0
BRDA:270,20,1,0
BRDA:271,21,0,0
BRDA:271,21,1,0
BRDA:306,22,0,0
BRDA:316,23,0,0
BRDA:316,23,1,0
BRDA:345,24,0,0
BRDA:345,24,1,0
BRDA:383,25,0,0
BRDA:383,25,1,0
BRDA:398,26,0,0
BRDA:398,26,1,0
BRF:49
BRH:0
end_of_record
TN:
SF:src/utils/ageCalculation.js
FN:19,calculateAge
FN:66,getAcademicYearCutoffDate
FN:86,determineClassLevel
FN:151,getAcademicYearName
FN:170,formatAgeInFrench
FN:207,calculateEnrollmentAge
FN:239,validateEnrollmentEligibility
FNF:7
FNH:0
FNDA:0,calculateAge
FNDA:0,getAcademicYearCutoffDate
FNDA:0,determineClassLevel
FNDA:0,getAcademicYearName
FNDA:0,formatAgeInFrench
FNDA:0,calculateEnrollmentAge
FNDA:0,validateEnrollmentEligibility
DA:10,1
DA:11,1
DA:20,0
DA:22,0
DA:23,0
DA:24,0
DA:29,0
DA:30,0
DA:31,0
DA:32,0
DA:35,0
DA:39,0
DA:40,0
DA:41,0
DA:44,0
DA:46,0
DA:57,0
DA:67,0
DA:68,0
DA:69,0
DA:73,0
DA:74,0
DA:76,0
DA:87,0
DA:88,0
DA:89,0
DA:90,0
DA:94,0
DA:98,0
DA:99,0
DA:104,0
DA:105,0
DA:106,0
DA:107,0
DA:108,0
DA:109,0
DA:110,0
DA:111,0
DA:112,0
DA:113,0
DA:114,0
DA:115,0
DA:116,0
DA:117,0
DA:118,0
DA:119,0
DA:120,0
DA:121,0
DA:122,0
DA:123,0
DA:125,0
DA:126,0
DA:127,0
DA:128,0
DA:131,0
DA:142,0
DA:152,0
DA:153,0
DA:154,0
DA:156,0
DA:157,0
DA:159,0
DA:171,0
DA:173,0
DA:174,0
DA:177,0
DA:178,0
DA:181,0
DA:182,0
DA:185,0
DA:186,0
DA:189,0
DA:190,0
DA:193,0
DA:194,0
DA:198,0
DA:208,0
DA:209,0
DA:210,0
DA:211,0
DA:215,0
DA:216,0
DA:218,0
DA:219,0
DA:221,0
DA:229,0
DA:240,0
DA:241,0
DA:242,0
DA:244,0
DA:245,0
DA:246,0
DA:247,0
DA:248,0
DA:252,0
DA:262,0
DA:266,1
LF:97
LH:3
BRDA:19,0,0,0
BRDA:22,1,0,0
BRDA:22,1,1,0
BRDA:23,2,0,0
BRDA:23,2,1,0
BRDA:29,3,0,0
BRDA:29,3,1,0
BRDA:30,4,0,0
BRDA:30,4,1,0
BRDA:31,5,0,0
BRDA:31,5,1,0
BRDA:66,6,0,0
BRDA:67,7,0,0
BRDA:67,7,1,0
BRDA:73,8,0,0
BRDA:73,8,1,0
BRDA:86,9,0,0
BRDA:88,10,0,0
BRDA:88,10,1,0
BRDA:89,11,0,0
BRDA:89,11,1,0
BRDA:94,12,0,0
BRDA:94,12,1,0
BRDA:104,13,0,0
BRDA:104,13,1,0
BRDA:104,14,0,0
BRDA:104,14,1,0
BRDA:109,15,0,0
BRDA:109,15,1,0
BRDA:109,16,0,0
BRDA:109,16,1,0
BRDA:114,17,0,0
BRDA:114,17,1,0
BRDA:114,18,0,0
BRDA:114,18,1,0
BRDA:119,19,0,0
BRDA:119,19,1,0
BRDA:138,20,0,0
BRDA:138,20,1,0
BRDA:151,21,0,0
BRDA:152,22,0,0
BRDA:152,22,1,0
BRDA:156,23,0,0
BRDA:156,23,1,0
BRDA:173,24,0,0
BRDA:173,24,1,0
BRDA:174,25,0,0
BRDA:174,25,1,0
BRDA:177,26,0,0
BRDA:177,26,1,0
BRDA:178,27,0,0
BRDA:178,27,1,0
BRDA:181,28,0,0
BRDA:181,28,1,0
BRDA:181,29,0,0
BRDA:181,29,1,0
BRDA:182,30,0,0
BRDA:182,30,1,0
BRDA:185,31,0,0
BRDA:185,31,1,0
BRDA:189,32,0,0
BRDA:189,32,1,0
BRDA:193,33,0,0
BRDA:193,33,1,0
BRDA:209,34,0,0
BRDA:209,34,1,0
BRDA:210,35,0,0
BRDA:210,35,1,0
BRDA:244,36,0,0
BRDA:244,36,1,0
BRDA:245,37,0,0
BRDA:245,37,1,0
BRDA:247,38,0,0
BRDA:247,38,1,0
BRDA:257,39,0,0
BRDA:257,39,1,0
BRF:76
BRH:0
end_of_record
